#
# A fatal error has been detected by the Java Runtime Environment:
#
#  EXCEPTION_ACCESS_VIOLATION (0xc0000005) at pc=0x0000000058e16ec4, pid=207264, tid=0x0000000000031fbc
#
# JRE version: Java(TM) SE Runtime Environment (8.0_202-b08) (build 1.8.0_202-b08)
# Java VM: Java HotSpot(TM) 64-Bit Server VM (25.202-b08 mixed mode windows-amd64 compressed oops)
# Problematic frame:
# V  [jvm.dll+0x66ec4]
#
# Failed to write core dump. Minidumps are not enabled by default on client versions of Windows
#
# If you would like to submit a bug report, please visit:
#   http://bugreport.java.com/bugreport/crash.jsp
#

---------------  T H R E A D  ---------------

Current thread (0x00000000023bf000):  JavaThread "main" [_thread_in_vm, id=204732, stack(0x0000000002550000,0x0000000002650000)]

siginfo: ExceptionCode=0xc0000005, reading address 0x00000021524a4010

Registers:
RAX=0x00000021524a4000, RBX=0x00000006c2020a60, RCX=0x000000002158eaff, RDX=0x0000000000000000
RSP=0x00000000026481a0, RBP=0x0000000002648289, RSI=0x0000000000000000, RDI=0x000000001f9f1a38
R8 =0x000000004bf23905, R9 =0x000000001c410950, R10=0x0000000000000135, R11=0x0000000025e74cf0
R12=0x00000000023bf000, R13=0x000000000000035c, R14=0x000000001c60b9b0, R15=0x000000001c410950
RIP=0x0000000058e16ec4, EFLAGS=0x0000000000010206

Top of Stack: (sp=0x00000000026481a0)
0x00000000026481a0:   0000000023864d78 00000000000080b0
0x00000000026481b0:   0000000002648670 00000000239c0dc8
0x00000000026481c0:   000000003ef06b98 0000000058e179aa
0x00000000026481d0:   000000001f9f1a38 0000000000000018
0x00000000026481e0:   8bd3c55dd976cf6b b6627bfddbf7d13e
0x00000000026481f0:   000000001c410950 0000000058e2d6d1
0x0000000002648200:   000000002385cdc8 000000001c410950
0x0000000002648210:   0000000000000002 0000000058db5b2a
0x0000000002648220:   000000001c60b9b0 000000002385cda0
0x0000000002648230:   00000000023bf000 00000000023bfa20
0x0000000002648240:   000000000000008b 4bf2390500000135
0x0000000002648250:   00000000236a2cc0 0000000000000000
0x0000000002648260:   0000000000000018 0000000058feecb6
0x0000000002648270:   00000000026484c8 0000000025e74848
0x0000000002648280:   00000000026484c8 00000000010ef5cf
0x0000000002648290:   000000043b1ac614 000000003ef06b98 

Instructions: (pc=0x0000000058e16ec4)
0x0000000058e16ea4:   48 8b 5c 24 30 48 83 c4 20 5f c3 48 8b 4f 18 48
0x0000000058e16eb4:   85 c9 74 1a 0f 1f 84 00 00 00 00 00 48 8b 41 08
0x0000000058e16ec4:   48 39 58 10 74 d8 48 8b 09 48 85 c9 75 ee 32 c0
0x0000000058e16ed4:   48 8b 5c 24 30 48 83 c4 20 5f c3 cc 4c 63 05 cd 


Register to memory mapping:

RAX=0x00000021524a4000 is an unknown value
RBX=0x00000006c2020a60 is an oop
java.security.ProtectionDomain 
 - klass: 'java/security/ProtectionDomain'
RCX=0x000000002158eaff is an unknown value
RDX=0x0000000000000000 is an unknown value
RSP=0x00000000026481a0 is pointing into the stack for thread: 0x00000000023bf000
RBP=0x0000000002648289 is pointing into the stack for thread: 0x00000000023bf000
RSI=0x0000000000000000 is an unknown value
RDI=0x000000001f9f1a38 is an unknown value
R8 =0x000000004bf23905 is an unknown value
R9 =0x000000001c410950 is an unknown value
R10=0x0000000000000135 is an unknown value
R11=0x0000000025e74cf0 is pointing into metadata
R12=0x00000000023bf000 is a thread
R13=0x000000000000035c is an unknown value
R14=0x000000001c60b9b0 is an unknown value
R15=0x000000001c410950 is an unknown value


Stack: [0x0000000002550000,0x0000000002650000],  sp=0x00000000026481a0,  free space=992k
Native frames: (J=compiled Java code, j=interpreted, Vv=VM code, C=native code)
V  [jvm.dll+0x66ec4]
V  [jvm.dll+0x679aa]
V  [jvm.dll+0x7d6d1]
V  [jvm.dll+0x7f1e6]
V  [jvm.dll+0x7ac97]
V  [jvm.dll+0x58fc2]
V  [jvm.dll+0x5da94]
V  [jvm.dll+0x7cee4]
V  [jvm.dll+0x192e71]
V  [jvm.dll+0x19320b]
C  [java.dll+0x1751]
C  0x00000000029cc2a5

Java frames: (J=compiled Java code, j=interpreted, Vv=VM code)
J 869  java.lang.ClassLoader.defineClass1(Ljava/lang/String;[BIILjava/security/ProtectionDomain;Ljava/lang/String;)Ljava/lang/Class; (0 bytes) @ 0x00000000029cc21f [0x00000000029cc180+0x9f]
J 800 C1 java.lang.ClassLoader.defineClass(Ljava/lang/String;[BIILjava/security/ProtectionDomain;)Ljava/lang/Class; (43 bytes) @ 0x00000000029ab88c [0x00000000029ab760+0x12c]
J 803 C1 java.net.URLClassLoader.defineClass(Ljava/lang/String;Lsun/misc/Resource;)Ljava/lang/Class; (142 bytes) @ 0x00000000029ae03c [0x00000000029ad620+0xa1c]
J 742 C1 java.net.URLClassLoader$1.run()Ljava/lang/Class; (63 bytes) @ 0x0000000002991b9c [0x0000000002991ac0+0xdc]
J 741 C1 java.net.URLClassLoader$1.run()Ljava/lang/Object; (5 bytes) @ 0x000000000299179c [0x0000000002991760+0x3c]
v  ~StubRoutines::call_stub
J 628  java.security.AccessController.doPrivileged(Ljava/security/PrivilegedExceptionAction;Ljava/security/AccessControlContext;)Ljava/lang/Object; (0 bytes) @ 0x000000000295bea6 [0x000000000295be40+0x66]
J 686 C1 java.net.URLClassLoader.findClass(Ljava/lang/String;)Ljava/lang/Class; (47 bytes) @ 0x000000000297a664 [0x000000000297a5a0+0xc4]
j  java.lang.ClassLoader.loadClass(Ljava/lang/String;Z)Ljava/lang/Class;+70
J 651 C1 sun.misc.Launcher$AppClassLoader.loadClass(Ljava/lang/String;Z)Ljava/lang/Class; (85 bytes) @ 0x000000000296940c [0x0000000002969100+0x30c]
J 637 C1 java.lang.ClassLoader.loadClass(Ljava/lang/String;)Ljava/lang/Class; (7 bytes) @ 0x00000000029608bc [0x0000000002960860+0x5c]
v  ~StubRoutines::call_stub
J 869  java.lang.ClassLoader.defineClass1(Ljava/lang/String;[BIILjava/security/ProtectionDomain;Ljava/lang/String;)Ljava/lang/Class; (0 bytes) @ 0x00000000029cc21f [0x00000000029cc180+0x9f]
J 800 C1 java.lang.ClassLoader.defineClass(Ljava/lang/String;[BIILjava/security/ProtectionDomain;)Ljava/lang/Class; (43 bytes) @ 0x00000000029ab88c [0x00000000029ab760+0x12c]
J 803 C1 java.net.URLClassLoader.defineClass(Ljava/lang/String;Lsun/misc/Resource;)Ljava/lang/Class; (142 bytes) @ 0x00000000029ae03c [0x00000000029ad620+0xa1c]
J 742 C1 java.net.URLClassLoader$1.run()Ljava/lang/Class; (63 bytes) @ 0x0000000002991b9c [0x0000000002991ac0+0xdc]
J 741 C1 java.net.URLClassLoader$1.run()Ljava/lang/Object; (5 bytes) @ 0x000000000299179c [0x0000000002991760+0x3c]
v  ~StubRoutines::call_stub
J 628  java.security.AccessController.doPrivileged(Ljava/security/PrivilegedExceptionAction;Ljava/security/AccessControlContext;)Ljava/lang/Object; (0 bytes) @ 0x000000000295bea6 [0x000000000295be40+0x66]
J 686 C1 java.net.URLClassLoader.findClass(Ljava/lang/String;)Ljava/lang/Class; (47 bytes) @ 0x000000000297a664 [0x000000000297a5a0+0xc4]
j  java.lang.ClassLoader.loadClass(Ljava/lang/String;Z)Ljava/lang/Class;+70
J 651 C1 sun.misc.Launcher$AppClassLoader.loadClass(Ljava/lang/String;Z)Ljava/lang/Class; (85 bytes) @ 0x000000000296940c [0x0000000002969100+0x30c]
J 637 C1 java.lang.ClassLoader.loadClass(Ljava/lang/String;)Ljava/lang/Class; (7 bytes) @ 0x00000000029608bc [0x0000000002960860+0x5c]
v  ~StubRoutines::call_stub
j  org.springframework.core.task.SimpleAsyncTaskExecutor.<init>(Ljava/lang/String;)V+6
j  org.springframework.web.servlet.mvc.method.annotation.RequestMappingHandlerAdapter.<init>()V+33
j  org.springframework.web.servlet.config.annotation.WebMvcConfigurationSupport.createRequestMappingHandlerAdapter()Lorg/springframework/web/servlet/mvc/method/annotation/RequestMappingHandlerAdapter;+4
j  org.springframework.boot.autoconfigure.web.servlet.WebMvcAutoConfiguration$EnableWebMvcConfiguration.createRequestMappingHandlerAdapter()Lorg/springframework/web/servlet/mvc/method/annotation/RequestMappingHandlerAdapter;+30
j  org.springframework.web.servlet.config.annotation.WebMvcConfigurationSupport.requestMappingHandlerAdapter(Lorg/springframework/web/accept/ContentNegotiationManager;Lorg/springframework/format/support/FormattingConversionService;Lorg/springframework/validation/Validator;)Lorg/springframework/web/servlet/mvc/method/annotation/RequestMappingHandlerAdapter;+1
j  org.springframework.boot.autoconfigure.web.servlet.WebMvcAutoConfiguration$EnableWebMvcConfiguration.requestMappingHandlerAdapter(Lorg/springframework/web/accept/ContentNegotiationManager;Lorg/springframework/format/support/FormattingConversionService;Lorg/springframework/validation/Validator;)Lorg/springframework/web/servlet/mvc/method/annotation/RequestMappingHandlerAdapter;+4
v  ~StubRoutines::call_stub
J 2340  sun.reflect.NativeMethodAccessorImpl.invoke0(Ljava/lang/reflect/Method;Ljava/lang/Object;[Ljava/lang/Object;)Ljava/lang/Object; (0 bytes) @ 0x0000000002c26e3f [0x0000000002c26dc0+0x7f]
J 2339 C1 sun.reflect.NativeMethodAccessorImpl.invoke(Ljava/lang/Object;[Ljava/lang/Object;)Ljava/lang/Object; (104 bytes) @ 0x0000000002c2761c [0x0000000002c27220+0x3fc]
J 2278 C1 sun.reflect.DelegatingMethodAccessorImpl.invoke(Ljava/lang/Object;[Ljava/lang/Object;)Ljava/lang/Object; (10 bytes) @ 0x0000000002c105c4 [0x0000000002c10560+0x64]
J 1628 C1 java.lang.reflect.Method.invoke(Ljava/lang/Object;[Ljava/lang/Object;)Ljava/lang/Object; (62 bytes) @ 0x0000000002af1e1c [0x0000000002af1ce0+0x13c]
j  org.springframework.beans.factory.support.SimpleInstantiationStrategy.instantiate(Lorg/springframework/beans/factory/support/RootBeanDefinition;Ljava/lang/String;Lorg/springframework/beans/factory/BeanFactory;Ljava/lang/Object;Ljava/lang/reflect/Method;[Ljava/lang/Object;)Ljava/lang/Object;+50
j  org.springframework.beans.factory.support.ConstructorResolver.instantiate(Ljava/lang/String;Lorg/springframework/beans/factory/support/RootBeanDefinition;Ljava/lang/Object;Ljava/lang/reflect/Method;[Ljava/lang/Object;)Ljava/lang/Object;+48
j  org.springframework.beans.factory.support.ConstructorResolver.instantiateUsingFactoryMethod(Ljava/lang/String;Lorg/springframework/beans/factory/support/RootBeanDefinition;[Ljava/lang/Object;)Lorg/springframework/beans/BeanWrapper;+1519
j  org.springframework.beans.factory.support.AbstractAutowireCapableBeanFactory.instantiateUsingFactoryMethod(Ljava/lang/String;Lorg/springframework/beans/factory/support/RootBeanDefinition;[Ljava/lang/Object;)Lorg/springframework/beans/BeanWrapper;+11
j  org.springframework.beans.factory.support.AbstractAutowireCapableBeanFactory.createBeanInstance(Ljava/lang/String;Lorg/springframework/beans/factory/support/RootBeanDefinition;[Ljava/lang/Object;)Lorg/springframework/beans/BeanWrapper;+101
j  org.springframework.beans.factory.support.AbstractAutowireCapableBeanFactory.doCreateBean(Ljava/lang/String;Lorg/springframework/beans/factory/support/RootBeanDefinition;[Ljava/lang/Object;)Ljava/lang/Object;+34
j  org.springframework.beans.factory.support.AbstractAutowireCapableBeanFactory.createBean(Ljava/lang/String;Lorg/springframework/beans/factory/support/RootBeanDefinition;[Ljava/lang/Object;)Ljava/lang/Object;+169
j  org.springframework.beans.factory.support.AbstractBeanFactory.lambda$doGetBean$0(Ljava/lang/String;Lorg/springframework/beans/factory/support/RootBeanDefinition;[Ljava/lang/Object;)Ljava/lang/Object;+4
j  org.springframework.beans.factory.support.AbstractBeanFactory$$Lambda$142.getObject()Ljava/lang/Object;+16
J 5738 C1 org.springframework.beans.factory.support.DefaultSingletonBeanRegistry.getSingleton(Ljava/lang/String;Lorg/springframework/beans/factory/ObjectFactory;)Ljava/lang/Object; (297 bytes) @ 0x00000000032fcc2c [0x00000000032fc740+0x4ec]
J 2815 C1 org.springframework.beans.factory.support.AbstractBeanFactory.doGetBean(Ljava/lang/String;Ljava/lang/Class;[Ljava/lang/Object;Z)Ljava/lang/Object; (874 bytes) @ 0x0000000002d08194 [0x0000000002d07c60+0x534]
J 5500 C1 org.springframework.beans.factory.support.AbstractBeanFactory.getBean(Ljava/lang/String;)Ljava/lang/Object; (9 bytes) @ 0x0000000003271ee4 [0x0000000003271e80+0x64]
j  org.springframework.beans.factory.support.DefaultListableBeanFactory.preInstantiateSingletons()V+248
j  org.springframework.context.support.AbstractApplicationContext.finishBeanFactoryInitialization(Lorg/springframework/beans/factory/config/ConfigurableListableBeanFactory;)V+124
j  org.springframework.context.support.AbstractApplicationContext.refresh()V+54
j  org.springframework.boot.web.servlet.context.ServletWebServerApplicationContext.refresh()V+1
j  org.springframework.boot.SpringApplication.refresh(Lorg/springframework/context/ConfigurableApplicationContext;)V+1
j  org.springframework.boot.SpringApplication.refresh(Lorg/springframework/context/ApplicationContext;)V+11
j  org.springframework.boot.SpringApplication.refreshContext(Lorg/springframework/context/ConfigurableApplicationContext;)V+2
j  org.springframework.boot.SpringApplication.run([Ljava/lang/String;)Lorg/springframework/context/ConfigurableApplicationContext;+118
j  org.springframework.boot.SpringApplication.run([Ljava/lang/Class;[Ljava/lang/String;)Lorg/springframework/context/ConfigurableApplicationContext;+9
j  org.springframework.boot.SpringApplication.run(Ljava/lang/Class;[Ljava/lang/String;)Lorg/springframework/context/ConfigurableApplicationContext;+9
j  com.example.merchant.MerchantApplication.main([Ljava/lang/String;)V+13
v  ~StubRoutines::call_stub

---------------  P R O C E S S  ---------------

Java Threads: ( => current thread )
  0x000000001f658000 JavaThread "container-0" [_thread_blocked, id=210496, stack(0x0000000025810000,0x0000000025910000)]
  0x000000001f657800 JavaThread "Catalina-utility-2" [_thread_blocked, id=209108, stack(0x0000000025630000,0x0000000025730000)]
  0x000000001f656800 JavaThread "Catalina-utility-1" [_thread_blocked, id=216772, stack(0x000000001ee70000,0x000000001ef70000)]
  0x000000001f655000 JavaThread "ForkJoinPool.commonPool-worker-7" daemon [_thread_blocked, id=213452, stack(0x0000000024df0000,0x0000000024ef0000)]
  0x000000001f654800 JavaThread "ForkJoinPool.commonPool-worker-6" daemon [_thread_blocked, id=210664, stack(0x0000000024c30000,0x0000000024d30000)]
  0x000000001f653800 JavaThread "ForkJoinPool.commonPool-worker-5" daemon [_thread_blocked, id=202704, stack(0x0000000020940000,0x0000000020a40000)]
  0x000000001f653000 JavaThread "ForkJoinPool.commonPool-worker-4" daemon [_thread_blocked, id=214104, stack(0x0000000024ab0000,0x0000000024bb0000)]
  0x000000001f24a800 JavaThread "ForkJoinPool.commonPool-worker-3" daemon [_thread_blocked, id=214108, stack(0x0000000024950000,0x0000000024a50000)]
  0x000000001f23f800 JavaThread "ForkJoinPool.commonPool-worker-2" daemon [_thread_blocked, id=213904, stack(0x00000000242e0000,0x00000000243e0000)]
  0x000000001f5e7800 JavaThread "ForkJoinPool.commonPool-worker-1" daemon [_thread_blocked, id=215420, stack(0x0000000024770000,0x0000000024870000)]
  0x0000000023033800 JavaThread "mysql-cj-abandoned-connection-cleanup" daemon [_thread_blocked, id=215468, stack(0x0000000024420000,0x0000000024520000)]
  0x00000000218dd800 JavaThread "RMI Scheduler(0)" daemon [_thread_blocked, id=210208, stack(0x00000000205d0000,0x00000000206d0000)]
  0x00000000218c4800 JavaThread "RMI TCP Connection(1)-192.168.3.54" daemon [_thread_in_native, id=214116, stack(0x0000000022a00000,0x0000000022b00000)]
  0x000000001f9e8000 JavaThread "RMI TCP Accept-0" daemon [_thread_in_native, id=214244, stack(0x0000000020840000,0x0000000020940000)]
  0x000000001f756800 JavaThread "Service Thread" daemon [_thread_blocked, id=214248, stack(0x00000000200e0000,0x00000000201e0000)]
  0x000000001f6a1800 JavaThread "C1 CompilerThread3" daemon [_thread_blocked, id=214788, stack(0x000000001fa20000,0x000000001fb20000)]
  0x000000001f69a800 JavaThread "C2 CompilerThread2" daemon [_thread_blocked, id=214784, stack(0x000000001ff00000,0x0000000020000000)]
  0x000000001f699800 JavaThread "C2 CompilerThread1" daemon [_thread_blocked, id=214352, stack(0x000000001fd50000,0x000000001fe50000)]
  0x000000001f699000 JavaThread "C2 CompilerThread0" daemon [_thread_blocked, id=214348, stack(0x000000001fb50000,0x000000001fc50000)]
  0x000000001d6fc800 JavaThread "JDWP Command Reader" daemon [_thread_in_native, id=209252, stack(0x000000001f120000,0x000000001f220000)]
  0x000000001d6fb800 JavaThread "JDWP Event Helper Thread" daemon [_thread_blocked, id=213488, stack(0x000000001ef80000,0x000000001f080000)]
  0x000000001d6f0800 JavaThread "JDWP Transport Listener: dt_socket" daemon [_thread_blocked, id=212068, stack(0x000000001ed60000,0x000000001ee60000)]
  0x000000001d6ca800 JavaThread "Attach Listener" daemon [_thread_blocked, id=214924, stack(0x000000001ec40000,0x000000001ed40000)]
  0x000000001d6b2000 JavaThread "Signal Dispatcher" daemon [_thread_blocked, id=214920, stack(0x0000000012d70000,0x0000000012e70000)]
  0x000000001c605800 JavaThread "Finalizer" daemon [_thread_blocked, id=213256, stack(0x000000001e960000,0x000000001ea60000)]
  0x000000001c5fe800 JavaThread "Reference Handler" daemon [_thread_blocked, id=215908, stack(0x000000001e780000,0x000000001e880000)]
=>0x00000000023bf000 JavaThread "main" [_thread_in_vm, id=204732, stack(0x0000000002550000,0x0000000002650000)]

Other Threads:
  0x000000001c5f5000 VMThread [stack: 0x000000001e5c0000,0x000000001e6c0000] [id=204072]
  0x000000001f9fb000 WatcherThread [stack: 0x0000000020a40000,0x0000000020b40000] [id=214604]

VM state:not at safepoint (normal execution)

VM Mutex/Monitor currently owned by a thread: None

heap address: 0x00000006c2000000, size: 4064 MB, Compressed Oops mode: Zero based, Oop shift amount: 3
Narrow klass base: 0x0000000000000000, Narrow klass shift: 3
Compressed class space size: 1073741824 Address: 0x00000007c0000000

Heap:
 PSYoungGen      total 557568K, used 150166K [0x000000076b580000, 0x000000078f580000, 0x00000007c0000000)
  eden space 540160K, 24% used [0x000000076b580000,0x0000000773729e00,0x000000078c500000)
  from space 17408K, 99% used [0x000000078e480000,0x000000078f57ba70,0x000000078f580000)
  to   space 20992K, 0% used [0x000000078cc80000,0x000000078cc80000,0x000000078e100000)
 ParOldGen       total 146944K, used 19886K [0x00000006c2000000, 0x00000006caf80000, 0x000000076b580000)
  object space 146944K, 13% used [0x00000006c2000000,0x00000006c336b970,0x00000006caf80000)
 Metaspace       used 48637K, capacity 51198K, committed 51328K, reserved 1093632K
  class space    used 6255K, capacity 6725K, committed 6784K, reserved 1048576K

Card table byte_map: [0x0000000011b10000,0x0000000012310000] byte_map_base: 0x000000000e500000

Marking Bits: (ParMarkBitMap*) 0x00000000595d5ce0
 Begin Bits: [0x0000000013520000, 0x00000000174a0000)
 End Bits:   [0x00000000174a0000, 0x000000001b420000)

Polling page: 0x0000000000130000

CodeCache: size=245760Kb used=12399Kb max_used=12399Kb free=233360Kb
 bounds [0x0000000002750000, 0x0000000003370000, 0x0000000011750000]
 total_blobs=6460 nmethods=5953 adapters=426
 compilation: enabled

Compilation events (10 events):
Event: 4.325 Thread 0x000000001f6a1800 5950       1       org.springframework.beans.factory.InjectionPoint::getAnnotations (39 bytes)
Event: 4.325 Thread 0x000000001f6a1800 nmethod 5950 0x000000000336a310 code [0x000000000336a4c0, 0x000000000336a828]
Event: 4.325 Thread 0x000000001f6a1800 5951       1       java.lang.ThreadLocal::remove (18 bytes)
Event: 4.325 Thread 0x000000001f6a1800 nmethod 5951 0x000000000336aad0 code [0x000000000336ac40, 0x000000000336add8]
Event: 4.325 Thread 0x000000001f6a1800 5952       1       java.lang.ThreadLocal$ThreadLocalMap::access$200 (6 bytes)
Event: 4.325 Thread 0x000000001f6a1800 nmethod 5952 0x000000000336aed0 code [0x000000000336b020, 0x000000000336b148]
Event: 4.326 Thread 0x000000001f6a1800 5954       1       org.springframework.core.MethodParameter::getParameterAnnotations (97 bytes)
Event: 4.326 Thread 0x000000001f6a1800 nmethod 5954 0x000000000336b210 code [0x000000000336b3e0, 0x000000000336b8d8]
Event: 4.326 Thread 0x000000001f6a1800 5953       1       org.springframework.core.MethodParameter::getContainingClass (18 bytes)
Event: 4.326 Thread 0x000000001f6a1800 nmethod 5953 0x000000000336bc90 code [0x000000000336bde0, 0x000000000336bf48]

GC Heap History (10 events):
Event: 2.220 GC heap before
{Heap before GC invocations=6 (full 1):
 PSYoungGen      total 227328K, used 227317K [0x000000076b580000, 0x000000077c880000, 0x00000007c0000000)
  eden space 216576K, 100% used [0x000000076b580000,0x0000000778900000,0x0000000778900000)
  from space 10752K, 99% used [0x000000077be00000,0x000000077c87d650,0x000000077c880000)
  to   space 10752K, 0% used [0x000000077b380000,0x000000077b380000,0x000000077be00000)
 ParOldGen       total 102912K, used 13065K [0x00000006c2000000, 0x00000006c8480000, 0x000000076b580000)
  object space 102912K, 12% used [0x00000006c2000000,0x00000006c2cc2760,0x00000006c8480000)
 Metaspace       used 32921K, capacity 34312K, committed 34432K, reserved 1079296K
  class space    used 4404K, capacity 4696K, committed 4736K, reserved 1048576K
Event: 2.240 GC heap after
Heap after GC invocations=6 (full 1):
 PSYoungGen      total 270848K, used 10747K [0x000000076b580000, 0x0000000783480000, 0x00000007c0000000)
  eden space 260096K, 0% used [0x000000076b580000,0x000000076b580000,0x000000077b380000)
  from space 10752K, 99% used [0x000000077b380000,0x000000077bdfefd8,0x000000077be00000)
  to   space 18432K, 0% used [0x0000000782280000,0x0000000782280000,0x0000000783480000)
 ParOldGen       total 102912K, used 18764K [0x00000006c2000000, 0x00000006c8480000, 0x000000076b580000)
  object space 102912K, 18% used [0x00000006c2000000,0x00000006c32533b8,0x00000006c8480000)
 Metaspace       used 32921K, capacity 34312K, committed 34432K, reserved 1079296K
  class space    used 4404K, capacity 4696K, committed 4736K, reserved 1048576K
}
Event: 2.323 GC heap before
{Heap before GC invocations=7 (full 1):
 PSYoungGen      total 270848K, used 71952K [0x000000076b580000, 0x0000000783480000, 0x00000007c0000000)
  eden space 260096K, 23% used [0x000000076b580000,0x000000076f145400,0x000000077b380000)
  from space 10752K, 99% used [0x000000077b380000,0x000000077bdfefd8,0x000000077be00000)
  to   space 18432K, 0% used [0x0000000782280000,0x0000000782280000,0x0000000783480000)
 ParOldGen       total 102912K, used 18764K [0x00000006c2000000, 0x00000006c8480000, 0x000000076b580000)
  object space 102912K, 18% used [0x00000006c2000000,0x00000006c32533b8,0x00000006c8480000)
 Metaspace       used 34032K, capacity 35404K, committed 35496K, reserved 1079296K
  class space    used 4515K, capacity 4800K, committed 4864K, reserved 1048576K
Event: 2.332 GC heap after
Heap after GC invocations=7 (full 1):
 PSYoungGen      total 374784K, used 9223K [0x000000076b580000, 0x0000000788a80000, 0x00000007c0000000)
  eden space 356352K, 0% used [0x000000076b580000,0x000000076b580000,0x0000000781180000)
  from space 18432K, 50% used [0x0000000782280000,0x0000000782b81cc0,0x0000000783480000)
  to   space 17408K, 0% used [0x0000000781180000,0x0000000781180000,0x0000000782280000)
 ParOldGen       total 102912K, used 18772K [0x00000006c2000000, 0x00000006c8480000, 0x000000076b580000)
  object space 102912K, 18% used [0x00000006c2000000,0x00000006c32553b8,0x00000006c8480000)
 Metaspace       used 34032K, capacity 35404K, committed 35496K, reserved 1079296K
  class space    used 4515K, capacity 4800K, committed 4864K, reserved 1048576K
}
Event: 2.332 GC heap before
{Heap before GC invocations=8 (full 2):
 PSYoungGen      total 374784K, used 9223K [0x000000076b580000, 0x0000000788a80000, 0x00000007c0000000)
  eden space 356352K, 0% used [0x000000076b580000,0x000000076b580000,0x0000000781180000)
  from space 18432K, 50% used [0x0000000782280000,0x0000000782b81cc0,0x0000000783480000)
  to   space 17408K, 0% used [0x0000000781180000,0x0000000781180000,0x0000000782280000)
 ParOldGen       total 102912K, used 18772K [0x00000006c2000000, 0x00000006c8480000, 0x000000076b580000)
  object space 102912K, 18% used [0x00000006c2000000,0x00000006c32553b8,0x00000006c8480000)
 Metaspace       used 34032K, capacity 35404K, committed 35496K, reserved 1079296K
  class space    used 4515K, capacity 4800K, committed 4864K, reserved 1048576K
Event: 2.391 GC heap after
Heap after GC invocations=8 (full 2):
 PSYoungGen      total 374784K, used 0K [0x000000076b580000, 0x0000000788a80000, 0x00000007c0000000)
  eden space 356352K, 0% used [0x000000076b580000,0x000000076b580000,0x0000000781180000)
  from space 18432K, 0% used [0x0000000782280000,0x0000000782280000,0x0000000783480000)
  to   space 17408K, 0% used [0x0000000781180000,0x0000000781180000,0x0000000782280000)
 ParOldGen       total 146944K, used 17961K [0x00000006c2000000, 0x00000006caf80000, 0x000000076b580000)
  object space 146944K, 12% used [0x00000006c2000000,0x00000006c318a660,0x00000006caf80000)
 Metaspace       used 34032K, capacity 35404K, committed 35496K, reserved 1079296K
  class space    used 4515K, capacity 4800K, committed 4864K, reserved 1048576K
}
Event: 2.880 GC heap before
{Heap before GC invocations=9 (full 2):
 PSYoungGen      total 374784K, used 356352K [0x000000076b580000, 0x0000000788a80000, 0x00000007c0000000)
  eden space 356352K, 100% used [0x000000076b580000,0x0000000781180000,0x0000000781180000)
  from space 18432K, 0% used [0x0000000782280000,0x0000000782280000,0x0000000783480000)
  to   space 17408K, 0% used [0x0000000781180000,0x0000000781180000,0x0000000782280000)
 ParOldGen       total 146944K, used 17961K [0x00000006c2000000, 0x00000006caf80000, 0x000000076b580000)
  object space 146944K, 12% used [0x00000006c2000000,0x00000006c318a660,0x00000006caf80000)
 Metaspace       used 36883K, capacity 38374K, committed 38528K, reserved 1083392K
  class space    used 4875K, capacity 5175K, committed 5248K, reserved 1048576K
Event: 2.891 GC heap after
Heap after GC invocations=9 (full 2):
 PSYoungGen      total 373760K, used 6368K [0x000000076b580000, 0x000000078f580000, 0x00000007c0000000)
  eden space 356352K, 0% used [0x000000076b580000,0x000000076b580000,0x0000000781180000)
  from space 17408K, 36% used [0x0000000781180000,0x00000007817b80a0,0x0000000782280000)
  to   space 17408K, 0% used [0x000000078e480000,0x000000078e480000,0x000000078f580000)
 ParOldGen       total 146944K, used 17969K [0x00000006c2000000, 0x00000006caf80000, 0x000000076b580000)
  object space 146944K, 12% used [0x00000006c2000000,0x00000006c318c660,0x00000006caf80000)
 Metaspace       used 36883K, capacity 38374K, committed 38528K, reserved 1083392K
  class space    used 4875K, capacity 5175K, committed 5248K, reserved 1048576K
}
Event: 3.810 GC heap before
{Heap before GC invocations=10 (full 2):
 PSYoungGen      total 373760K, used 362720K [0x000000076b580000, 0x000000078f580000, 0x00000007c0000000)
  eden space 356352K, 100% used [0x000000076b580000,0x0000000781180000,0x0000000781180000)
  from space 17408K, 36% used [0x0000000781180000,0x00000007817b80a0,0x0000000782280000)
  to   space 17408K, 0% used [0x000000078e480000,0x000000078e480000,0x000000078f580000)
 ParOldGen       total 146944K, used 17969K [0x00000006c2000000, 0x00000006caf80000, 0x000000076b580000)
  object space 146944K, 12% used [0x00000006c2000000,0x00000006c318c660,0x00000006caf80000)
 Metaspace       used 45554K, capacity 47848K, committed 47872K, reserved 1091584K
  class space    used 5936K, capacity 6384K, committed 6400K, reserved 1048576K
Event: 3.825 GC heap after
Heap after GC invocations=10 (full 2):
 PSYoungGen      total 557568K, used 17390K [0x000000076b580000, 0x000000078f580000, 0x00000007c0000000)
  eden space 540160K, 0% used [0x000000076b580000,0x000000076b580000,0x000000078c500000)
  from space 17408K, 99% used [0x000000078e480000,0x000000078f57ba70,0x000000078f580000)
  to   space 20992K, 0% used [0x000000078cc80000,0x000000078cc80000,0x000000078e100000)
 ParOldGen       total 146944K, used 19886K [0x00000006c2000000, 0x00000006caf80000, 0x000000076b580000)
  object space 146944K, 13% used [0x00000006c2000000,0x00000006c336b970,0x00000006caf80000)
 Metaspace       used 45554K, capacity 47848K, committed 47872K, reserved 1091584K
  class space    used 5936K, capacity 6384K, committed 6400K, reserved 1048576K
}

Deoptimization events (0 events):
No events

Classes redefined (0 events):
No events

Internal exceptions (10 events):
Event: 4.180 Thread 0x00000000023bf000 Exception <a 'java/lang/ArrayIndexOutOfBoundsException'> (0x00000007716ea4a0) thrown at [C:\re\workspace\8-2-build-windows-amd64-cygwin\jdk8u202\12323\hotspot\src\share\vm\runtime\sharedRuntime.cpp, line 605]
Event: 4.181 Thread 0x00000000023bf000 Exception <a 'java/lang/ArrayIndexOutOfBoundsException'> (0x00000007716ecc50) thrown at [C:\re\workspace\8-2-build-windows-amd64-cygwin\jdk8u202\12323\hotspot\src\share\vm\runtime\sharedRuntime.cpp, line 605]
Event: 4.181 Thread 0x00000000023bf000 Exception <a 'java/lang/ArrayIndexOutOfBoundsException'> (0x00000007716f0060) thrown at [C:\re\workspace\8-2-build-windows-amd64-cygwin\jdk8u202\12323\hotspot\src\share\vm\runtime\sharedRuntime.cpp, line 605]
Event: 4.181 Thread 0x00000000023bf000 Exception <a 'java/lang/ArrayIndexOutOfBoundsException'> (0x00000007716f23b8) thrown at [C:\re\workspace\8-2-build-windows-amd64-cygwin\jdk8u202\12323\hotspot\src\share\vm\runtime\sharedRuntime.cpp, line 605]
Event: 4.181 Thread 0x00000000023bf000 Exception <a 'java/lang/ArrayIndexOutOfBoundsException'> (0x00000007716f4408) thrown at [C:\re\workspace\8-2-build-windows-amd64-cygwin\jdk8u202\12323\hotspot\src\share\vm\runtime\sharedRuntime.cpp, line 605]
Event: 4.181 Thread 0x00000000023bf000 Exception <a 'java/lang/ArrayIndexOutOfBoundsException'> (0x00000007716f5548) thrown at [C:\re\workspace\8-2-build-windows-amd64-cygwin\jdk8u202\12323\hotspot\src\share\vm\runtime\sharedRuntime.cpp, line 605]
Event: 4.181 Thread 0x00000000023bf000 Exception <a 'java/lang/ArrayIndexOutOfBoundsException'> (0x00000007716f6800) thrown at [C:\re\workspace\8-2-build-windows-amd64-cygwin\jdk8u202\12323\hotspot\src\share\vm\runtime\sharedRuntime.cpp, line 605]
Event: 4.249 Thread 0x00000000023bf000 Exception <a 'java/lang/ArrayIndexOutOfBoundsException'> (0x00000007721db668) thrown at [C:\re\workspace\8-2-build-windows-amd64-cygwin\jdk8u202\12323\hotspot\src\share\vm\runtime\sharedRuntime.cpp, line 605]
Event: 4.249 Thread 0x00000000023bf000 Exception <a 'java/lang/ArrayIndexOutOfBoundsException'> (0x00000007721dcad0) thrown at [C:\re\workspace\8-2-build-windows-amd64-cygwin\jdk8u202\12323\hotspot\src\share\vm\runtime\sharedRuntime.cpp, line 605]
Event: 4.318 Thread 0x00000000023bf000 Exception <a 'java/lang/ArrayIndexOutOfBoundsException'> (0x0000000772ece238) thrown at [C:\re\workspace\8-2-build-windows-amd64-cygwin\jdk8u202\12323\hotspot\src\share\vm\runtime\sharedRuntime.cpp, line 605]

Events (10 events):
Event: 4.329 Thread 0x00000000023bf000 DEOPT PACKING pc=0x000000000292ad0c sp=0x000000000264c530
Event: 4.329 Thread 0x00000000023bf000 DEOPT UNPACKING pc=0x0000000002797890 sp=0x000000000264c350 mode 1
Event: 4.329 loading class org/springframework/util/ConcurrencyThrottleSupport
Event: 4.329 loading class org/springframework/util/ConcurrencyThrottleSupport done
Event: 4.329 Thread 0x00000000023bf000 DEOPT PACKING pc=0x000000000297a711 sp=0x0000000002649dc0
Event: 4.329 Thread 0x00000000023bf000 DEOPT UNPACKING pc=0x0000000002797890 sp=0x0000000002649b10 mode 1
Event: 4.329 Thread 0x00000000023bf000 DEOPT PACKING pc=0x000000000292adc4 sp=0x0000000002649e40
Event: 4.329 Thread 0x00000000023bf000 DEOPT UNPACKING pc=0x0000000002797890 sp=0x0000000002649c60 mode 1
Event: 4.329 Thread 0x00000000023bf000 DEOPT PACKING pc=0x000000000292ad0c sp=0x0000000002649fd0
Event: 4.329 Thread 0x00000000023bf000 DEOPT UNPACKING pc=0x0000000002797890 sp=0x0000000002649df0 mode 1


Dynamic libraries:
0x000000013f7a0000 - 0x000000013f7d7000 	D:\jdk1.8\bin\java.exe
0x0000000076e80000 - 0x000000007702a000 	C:\Windows\SYSTEM32\ntdll.dll
0x0000000076c60000 - 0x0000000076d7f000 	C:\Windows\system32\kernel32.dll
0x000007fefcc40000 - 0x000007fefccaa000 	C:\Windows\system32\KERNELBASE.dll
0x000007fefcf30000 - 0x000007fefd00b000 	C:\Windows\system32\ADVAPI32.dll
0x000007fefd340000 - 0x000007fefd3df000 	C:\Windows\system32\msvcrt.dll
0x000007fefda50000 - 0x000007fefda6f000 	C:\Windows\SYSTEM32\sechost.dll
0x000007fefe030000 - 0x000007fefe15d000 	C:\Windows\system32\RPCRT4.dll
0x0000000076d80000 - 0x0000000076e7a000 	C:\Windows\system32\USER32.dll
0x000007fefd260000 - 0x000007fefd2c7000 	C:\Windows\system32\GDI32.dll
0x000007feff0a0000 - 0x000007feff0ae000 	C:\Windows\system32\LPK.dll
0x000007fefd980000 - 0x000007fefda4b000 	C:\Windows\system32\USP10.dll
0x000007fefb5b0000 - 0x000007fefb7a4000 	C:\Windows\WinSxS\amd64_microsoft.windows.common-controls_6595b64144ccf1df_6.0.7601.18837_none_fa3b1e3d17594757\COMCTL32.dll
0x000007fefdaa0000 - 0x000007fefdb11000 	C:\Windows\system32\SHLWAPI.dll
0x000007fefda70000 - 0x000007fefda9e000 	C:\Windows\system32\IMM32.DLL
0x000007fefef90000 - 0x000007feff099000 	C:\Windows\system32\MSCTF.dll
0x0000000059660000 - 0x0000000059732000 	D:\jdk1.8\jre\bin\msvcr100.dll
0x0000000058db0000 - 0x0000000059655000 	D:\jdk1.8\jre\bin\server\jvm.dll
0x000007fef47a0000 - 0x000007fef47a9000 	C:\Windows\system32\WSOCK32.dll
0x000007fefd010000 - 0x000007fefd05d000 	C:\Windows\system32\WS2_32.dll
0x000007fefd330000 - 0x000007fefd338000 	C:\Windows\system32\NSI.dll
0x000007fef9100000 - 0x000007fef913b000 	C:\Windows\system32\WINMM.dll
0x000007fefbc40000 - 0x000007fefbc4c000 	C:\Windows\system32\VERSION.dll
0x0000000077040000 - 0x0000000077047000 	C:\Windows\system32\PSAPI.DLL
0x000007fefa5e0000 - 0x000007fefa5ef000 	D:\jdk1.8\jre\bin\verify.dll
0x000007fefa5b0000 - 0x000007fefa5d9000 	D:\jdk1.8\jre\bin\java.dll
0x000007fefa570000 - 0x000007fefa5a5000 	D:\jdk1.8\jre\bin\jdwp.dll
0x000007fefa5f0000 - 0x000007fefa5f8000 	D:\jdk1.8\jre\bin\npt.dll
0x000007fefa4b0000 - 0x000007fefa4d3000 	D:\jdk1.8\jre\bin\instrument.dll
0x000007fefa550000 - 0x000007fefa566000 	D:\jdk1.8\jre\bin\zip.dll
0x000007fefe160000 - 0x000007fefeeeb000 	C:\Windows\system32\SHELL32.dll
0x000007fefd060000 - 0x000007fefd25c000 	C:\Windows\system32\ole32.dll
0x000007fefcb70000 - 0x000007fefcb7f000 	C:\Windows\system32\profapi.dll
0x000007fefa4a0000 - 0x000007fefa4a9000 	D:\jdk1.8\jre\bin\dt_socket.dll
0x000007fefc310000 - 0x000007fefc365000 	C:\Windows\system32\mswsock.dll
0x000007fefbd10000 - 0x000007fefbd17000 	C:\Windows\System32\wshtcpip.dll
0x000007fefa430000 - 0x000007fefa44a000 	D:\jdk1.8\jre\bin\net.dll
0x000007fefd3e0000 - 0x000007fefd565000 	C:\Windows\system32\urlmon.dll
0x000007fefcdb0000 - 0x000007fefcdb4000 	C:\Windows\system32\api-ms-win-downlevel-ole32-l1-1-0.dll
0x000007fefccf0000 - 0x000007fefccf4000 	C:\Windows\system32\api-ms-win-downlevel-shlwapi-l1-1-0.dll
0x000007fefcda0000 - 0x000007fefcda5000 	C:\Windows\system32\api-ms-win-downlevel-advapi32-l1-1-0.dll
0x000007fefcd30000 - 0x000007fefcd34000 	C:\Windows\system32\api-ms-win-downlevel-user32-l1-1-0.dll
0x000007fefcd20000 - 0x000007fefcd24000 	C:\Windows\system32\api-ms-win-downlevel-version-l1-1-0.dll
0x000007fefcb90000 - 0x000007fefcb93000 	C:\Windows\system32\api-ms-win-downlevel-normaliz-l1-1-0.dll
0x0000000077050000 - 0x0000000077053000 	C:\Windows\system32\normaliz.DLL
0x000007fefd6b0000 - 0x000007fefd97a000 	C:\Windows\system32\iertutil.dll
0x000007fefdd00000 - 0x000007fefe021000 	C:\Windows\system32\WININET.dll
0x000007fefcd80000 - 0x000007fefcd9e000 	C:\Windows\system32\USERENV.dll
0x000007fefc300000 - 0x000007fefc307000 	C:\Windows\System32\wship6.dll
0x000007fefc190000 - 0x000007fefc1eb000 	C:\Windows\system32\DNSAPI.dll
0x000007fef9f90000 - 0x000007fef9fb7000 	C:\Windows\system32\IPHLPAPI.DLL
0x000007fef9f70000 - 0x000007fef9f7b000 	C:\Windows\system32\WINNSI.DLL
0x000007fef3ac0000 - 0x000007fef3ac8000 	C:\Windows\system32\rasadhlp.dll
0x000007fef9e40000 - 0x000007fef9e93000 	C:\Windows\System32\fwpuclnt.dll
0x000007fefa500000 - 0x000007fefa50d000 	D:\jdk1.8\jre\bin\management.dll
0x000007fefa410000 - 0x000007fefa422000 	D:\jdk1.8\jre\bin\nio.dll
0x000007fefc370000 - 0x000007fefc387000 	C:\Windows\system32\CRYPTSP.dll
0x000007fefc070000 - 0x000007fefc0b7000 	C:\Windows\system32\rsaenh.dll
0x000007fefc9d0000 - 0x000007fefc9df000 	C:\Windows\system32\CRYPTBASE.dll
0x000007fef9990000 - 0x000007fef99a1000 	C:\Windows\system32\dhcpcsvc6.DLL
0x000007fef98e0000 - 0x000007fef98f8000 	C:\Windows\system32\dhcpcsvc.DLL
0x000007fefa8c0000 - 0x000007fefa8d5000 	C:\Windows\system32\NLAapi.dll
0x000007fef2df0000 - 0x000007fef2e05000 	C:\Windows\system32\napinsp.dll
0x000007fef2dd0000 - 0x000007fef2de9000 	C:\Windows\system32\pnrpnsp.dll
0x000007fef2dc0000 - 0x000007fef2dcb000 	C:\Windows\System32\winrnr.dll
0x000007fef19a0000 - 0x000007fef19c4000 	D:\jdk1.8\jre\bin\sunec.dll
0x000007fef35b0000 - 0x000007fef36d5000 	C:\Windows\system32\dbghelp.dll

VM Arguments:
jvm_args: -agentlib:jdwp=transport=dt_socket,address=127.0.0.1:57641,suspend=y,server=n -XX:TieredStopAtLevel=1 -Xverify:none -Dspring.output.ansi.enabled=always -Dcom.sun.management.jmxremote -Dspring.jmx.enabled=true -Dspring.liveBeansView.mbeanDomain -Dspring.application.admin.enabled=true -javaagent:C:\Users\Administrator\AppData\Local\JetBrains\IntelliJIdea2020.2\captureAgent\debugger-agent.jar -Dfile.encoding=UTF-8 
java_command: com.example.merchant.MerchantApplication
java_class_path (initial): D:\jdk1.8\jre\lib\charsets.jar;D:\jdk1.8\jre\lib\deploy.jar;D:\jdk1.8\jre\lib\ext\access-bridge-64.jar;D:\jdk1.8\jre\lib\ext\cldrdata.jar;D:\jdk1.8\jre\lib\ext\dnsns.jar;D:\jdk1.8\jre\lib\ext\jaccess.jar;D:\jdk1.8\jre\lib\ext\jfxrt.jar;D:\jdk1.8\jre\lib\ext\localedata.jar;D:\jdk1.8\jre\lib\ext\nashorn.jar;D:\jdk1.8\jre\lib\ext\sunec.jar;D:\jdk1.8\jre\lib\ext\sunjce_provider.jar;D:\jdk1.8\jre\lib\ext\sunmscapi.jar;D:\jdk1.8\jre\lib\ext\sunpkcs11.jar;D:\jdk1.8\jre\lib\ext\zipfs.jar;D:\jdk1.8\jre\lib\javaws.jar;D:\jdk1.8\jre\lib\jce.jar;D:\jdk1.8\jre\lib\jfr.jar;D:\jdk1.8\jre\lib\jfxswt.jar;D:\jdk1.8\jre\lib\jsse.jar;D:\jdk1.8\jre\lib\management-agent.jar;D:\jdk1.8\jre\lib\plugin.jar;D:\jdk1.8\jre\lib\resources.jar;D:\jdk1.8\jre\lib\rt.jar;E:\project\linggongyun_v3\merchant\target\classes;E:\project\linggongyun_v3\mybatis\target\classes;D:\repository\org\springframework\boot\spring-boot-starter-validation\2.3.3.RELEASE\spring-boot-starter-validation-2.3.3.RELEASE.jar;D:\repository\org\glassfish\jakarta.el\3.0.3\jakarta.el-3.0.3.jar;D:\repository\org\hibernate\validator\hibernate-validator\6.1.5.Final\hibernate-validator-6.1.5.Final.jar;D:\repository\jakarta\validation\jakarta.validation-api\2.0.2\jakarta.validation-api-2.0.2.jar;D:\repository\org\jboss\logging\jboss-logging\3.4.1.Final\jboss-logging-3.4.1.Final.jar;E:\project\linggongyun_v3\common\target\classes;D:\repository\net\sf\json-lib\json-lib\2.4\json-lib-2.4-jdk15.jar;D:\repository\commons-beanutils\commons-beanutils\1.8.0\commons-beanutils-1.8.0.jar;D:\repository\commons-collections\commons-collections\3.2.1\commons-collections-3.2.1.jar;D:\repository\commons-lang\commons-lang\2.5\commons-lang-2.5.jar;D:\repository\commons-logging\commons-logging\1.1.1\commons-logging-1.1.1.jar;D:\repository\net\sf\ezmorph\ezmorph\1.0.6\ezmorph-1.0.6.jar;D:\repository\com\alibaba\fastjson\1.2.47\fastjson-1.2.47.jar;D:\repository\org\apache\commons\commons-lang3\3.9\commons-lang3-3.9.jar;D:\reposit
Launcher Type: SUN_STANDARD

Environment Variables:
JAVA_HOME=D:\jdk8\bin
CLASSPATH=D:\jdk8\lib
PATH=C:\Program Files (x86)\Common Files\Oracle\Java\javapath;C:\Windows\system32;C:\Windows;C:\Windows\System32\Wbem;C:\Windows\System32\WindowsPowerShell\v1.0\;C:\Program Files (x86)\ICBCEbankTools\Gemplus\GemSafe Libraries\BIN\.;%JAVA_HOME%;%CLASSPATH%;C:\Program Files (x86)\MySQL\MySQL Fabric 1.5 & MySQL Utilities 1.5\;C:\Program Files (x86)\MySQL\MySQL Fabric 1.5 & MySQL Utilities 1.5\Doctrine extensions for PHP\;F:\software\Git\cmd
USERNAME=Administrator
OS=Windows_NT
PROCESSOR_IDENTIFIER=Intel64 Family 6 Model 158 Stepping 9, GenuineIntel



---------------  S Y S T E M  ---------------

OS: Windows 7 , 64 bit Build 7601 (6.1.7601.23807)

CPU:total 8 (initial active 8) (4 cores per cpu, 2 threads per core) family 6 model 158 stepping 9, cmov, cx8, fxsr, mmx, sse, sse2, sse3, ssse3, sse4.1, sse4.2, popcnt, avx, avx2, aes, clmul, erms, rtm, 3dnowpref, lzcnt, ht, tsc, tscinvbit, bmi1, bmi2, adx

Memory: 4k page, physical 16640440k(8681588k free), swap 33279020k(24082136k free)

vm_info: Java HotSpot(TM) 64-Bit Server VM (25.202-b08) for windows-amd64 JRE (1.8.0_202-b08), built on Dec 15 2018 19:54:30 by "java_re" with MS VC++ 10.0 (VS2010)

time: Mon Oct 12 10:05:15 2020
timezone: 中国标准时间
elapsed time: 4 seconds (0d 0h 0m 4s)

